app/build/intermediates/manifest_merge_blame_file/debug/manifest-merger-blame-debug-report.txt
1<?xml version="1.0" encoding="utf-8"?>
2<manifest xmlns:android="http://schemas.android.com/apk/res/android"
3    package="com.example.booksmanagerdemo11"
4    android:versionCode="1"
5    android:versionName="1.0" >
6
7    <uses-sdk
8        android:minSdkVersion="16"
8-->src/main/AndroidManifest.xml
9        android:targetSdkVersion="30" />
9-->src/main/AndroidManifest.xml
10
11    <application
11-->src/main/AndroidManifest.xml:5:5-30:19
12        android:allowBackup="true"
12-->src/main/AndroidManifest.xml:6:9-35
13        android:appComponentFactory="androidx.core.app.CoreComponentFactory"
13-->[androidx.core:core:1.3.1] AndroidManifest.xml:24:18-86
14        android:debuggable="true"
15        android:icon="@mipmap/ic_launcher"
15-->src/main/AndroidManifest.xml:7:9-43
16        android:label="@string/app_name"
16-->src/main/AndroidManifest.xml:8:9-41
17        android:roundIcon="@mipmap/ic_launcher_round"
17-->src/main/AndroidManifest.xml:9:9-54
18        android:supportsRtl="true"
18-->src/main/AndroidManifest.xml:10:9-35
19        android:testOnly="true"
20        android:theme="@style/Theme.BooksManagerDemo11" >
20-->src/main/AndroidManifest.xml:11:9-56
21        <activity
21-->src/main/AndroidManifest.xml:12:9-103
22            android:name="com.example.booksmanagerdemo11.ui.BookManager.LendManagerActivity"
22-->src/main/AndroidManifest.xml:12:19-69
23            android:label="借阅管理" />
23-->src/main/AndroidManifest.xml:12:70-91
24        <activity
24-->src/main/AndroidManifest.xml:13:9-93
25            android:name="com.example.booksmanagerdemo11.ui.BookManager.BooksManageActivity"
25-->src/main/AndroidManifest.xml:13:19-69
26            android:label="图书管理" />
26-->src/main/AndroidManifest.xml:13:70-91
27        <activity
27-->src/main/AndroidManifest.xml:14:9-96
28            android:name="com.example.booksmanagerdemo11.ui.BookManager.ShowLendedBookActivity"
28-->src/main/AndroidManifest.xml:14:19-72
29            android:label="查询已借" />
29-->src/main/AndroidManifest.xml:14:73-94
30        <activity
30-->src/main/AndroidManifest.xml:15:9-20:20
31            android:name="com.example.booksmanagerdemo11.ui.login.LoginActivity"
31-->src/main/AndroidManifest.xml:15:19-57
32            android:label="登录界面" >
32-->src/main/AndroidManifest.xml:15:58-79
33            <intent-filter>
33-->src/main/AndroidManifest.xml:16:13-19:29
34                <action android:name="android.intent.action.MAIN" />
34-->src/main/AndroidManifest.xml:17:17-68
34-->src/main/AndroidManifest.xml:17:25-66
35
36                <category android:name="android.intent.category.LAUNCHER" />
36-->src/main/AndroidManifest.xml:18:17-76
36-->src/main/AndroidManifest.xml:18:27-74
37            </intent-filter>
38        </activity>
39        <activity
39-->src/main/AndroidManifest.xml:21:9-29:20
40            android:name="com.example.booksmanagerdemo11.MainActivity"
40-->src/main/AndroidManifest.xml:22:13-41
41            android:label="@string/app_name" >
41-->src/main/AndroidManifest.xml:23:13-45
42
43            <!-- <intent-filter> -->
44            <!-- <action android:name="android.intent.action.MAIN" /> -->
45
46
47            <!-- <category android:name="android.intent.category.LAUNCHER" /> -->
48            <!-- </intent-filter> -->
49        </activity>
50    </application>
51
52</manifest>